<?xml version="1.0" encoding="UTF-8"?>
<!-- Generated by org.testng.reporters.JUnitReportReporter -->
<testsuite hostname="BA-000311899" failures="0" tests="17" name="com.telus.testcases.TestMethodsTest" time="13.267" errors="1" timestamp="2023-03-14T10:29:44 IST" skipped="16">
  <testcase classname="com.telus.testcases.TestMethodsTest" name="launchApplication" time="13.267">
    <error message="Unable to establish websocket connection to http://localhost:63342/devtools/browser/ffffaf50-295e-474d-904e-c5f19f24b93b
Build info: version: &#039;4.4.0&#039;, revision: &#039;e5c75ed026a&#039;
System info: host: &#039;BA-000311899&#039;, ip: &#039;192.168.0.109&#039;, os.name: &#039;Windows 10&#039;, os.arch: &#039;amd64&#039;, os.version: &#039;10.0&#039;, java.version: &#039;15.0.2&#039;
Driver info: driver.version: ChromeDriver" type="org.openqa.selenium.remote.http.ConnectionFailedException">
      <![CDATA[org.openqa.selenium.remote.http.ConnectionFailedException: Unable to establish websocket connection to http://localhost:63342/devtools/browser/ffffaf50-295e-474d-904e-c5f19f24b93b
Build info: version: '4.4.0', revision: 'e5c75ed026a'
System info: host: 'BA-000311899', ip: '192.168.0.109', os.name: 'Windows 10', os.arch: 'amd64', os.version: '10.0', java.version: '15.0.2'
Driver info: driver.version: ChromeDriver
at org.openqa.selenium.remote.http.netty.NettyWebSocket.<init>(NettyWebSocket.java:102)
at org.openqa.selenium.remote.http.netty.NettyWebSocket.lambda$create$3(NettyWebSocket.java:128)
at org.openqa.selenium.remote.http.netty.NettyClient.openSocket(NettyClient.java:106)
at org.openqa.selenium.devtools.Connection.<init>(Connection.java:77)
at org.openqa.selenium.chromium.ChromiumDriver.lambda$new$2(ChromiumDriver.java:116)
at java.base/java.util.Optional.map(Optional.java:258)
at org.openqa.selenium.chromium.ChromiumDriver.<init>(ChromiumDriver.java:114)
at org.openqa.selenium.chrome.ChromeDriver.<init>(ChromeDriver.java:81)
at org.openqa.selenium.chrome.ChromeDriver.<init>(ChromeDriver.java:49)
at com.telus.basePackage.TestBase.launchApplication(TestBase.java:42)
at java.base/jdk.internal.reflect.NativeMethodAccessorImpl.invoke0(Native Method)
at java.base/jdk.internal.reflect.NativeMethodAccessorImpl.invoke(NativeMethodAccessorImpl.java:64)
at java.base/jdk.internal.reflect.DelegatingMethodAccessorImpl.invoke(DelegatingMethodAccessorImpl.java:43)
at java.base/java.lang.reflect.Method.invoke(Method.java:564)
at org.testng.internal.invokers.MethodInvocationHelper.invokeMethod(MethodInvocationHelper.java:139)
at org.testng.internal.invokers.MethodInvocationHelper.invokeMethodConsideringTimeout(MethodInvocationHelper.java:69)
at org.testng.internal.invokers.ConfigInvoker.invokeConfigurationMethod(ConfigInvoker.java:361)
at org.testng.internal.invokers.ConfigInvoker.invokeConfigurations(ConfigInvoker.java:296)
at org.testng.SuiteRunner.privateRun(SuiteRunner.java:372)
at org.testng.SuiteRunner.run(SuiteRunner.java:330)
at org.testng.SuiteRunnerWorker.runSuite(SuiteRunnerWorker.java:52)
at org.testng.SuiteRunnerWorker.run(SuiteRunnerWorker.java:95)
at org.testng.TestNG.runSuitesSequentially(TestNG.java:1256)
at org.testng.TestNG.runSuitesLocally(TestNG.java:1176)
at org.testng.TestNG.runSuites(TestNG.java:1099)
at org.testng.TestNG.run(TestNG.java:1067)
at org.testng.remote.AbstractRemoteTestNG.run(AbstractRemoteTestNG.java:115)
at org.testng.remote.RemoteTestNG.initAndRun(RemoteTestNG.java:251)
at org.testng.remote.RemoteTestNG.main(RemoteTestNG.java:77)
]]>
    </error>
  </testcase> <!-- launchApplication -->
  <system-out/>
  <testcase classname="com.telus.testcases.TestMethodsTest" name="closeApplicstion" time="0.000">
    <skipped/>
  </testcase> <!-- closeApplicstion -->
  <system-out/>
  <testcase classname="com.telus.testcases.TestMethodsTest" name="womenroductsName">
    <skipped/>
  </testcase> <!-- womenroductsName -->
  <system-out/>
  <testcase classname="com.telus.testcases.TestMethodsTest" name="CreateAccount">
    <skipped/>
  </testcase> <!-- CreateAccount -->
  <system-out/>
  <testcase classname="com.telus.testcases.TestMethodsTest" name="dropDown">
    <skipped/>
  </testcase> <!-- dropDown -->
  <system-out/>
  <testcase classname="com.telus.testcases.TestMethodsTest" name="SignIn">
    <skipped/>
  </testcase> <!-- SignIn -->
  <system-out/>
  <testcase classname="com.telus.testcases.TestMethodsTest" name="successPage">
    <skipped/>
  </testcase> <!-- successPage -->
  <system-out/>
  <testcase classname="com.telus.testcases.TestMethodsTest" name="productSelection">
    <skipped/>
  </testcase> <!-- productSelection -->
  <system-out/>
  <testcase classname="com.telus.testcases.TestMethodsTest" name="equipmentPage">
    <skipped/>
  </testcase> <!-- equipmentPage -->
  <system-out/>
  <testcase classname="com.telus.testcases.TestMethodsTest" name="logo">
    <skipped/>
  </testcase> <!-- logo -->
  <system-out/>
  <testcase classname="com.telus.testcases.TestMethodsTest" name="links">
    <skipped/>
  </testcase> <!-- links -->
  <system-out/>
  <testcase classname="com.telus.testcases.TestMethodsTest" name="mensProductsName">
    <skipped/>
  </testcase> <!-- mensProductsName -->
  <system-out/>
  <testcase classname="com.telus.testcases.TestMethodsTest" name="paymentPage">
    <skipped/>
  </testcase> <!-- paymentPage -->
  <system-out/>
  <testcase classname="com.telus.testcases.TestMethodsTest" name="productPage">
    <skipped/>
  </testcase> <!-- productPage -->
  <system-out/>
  <testcase classname="com.telus.testcases.TestMethodsTest" name="signOut">
    <skipped/>
  </testcase> <!-- signOut -->
  <system-out/>
  <testcase classname="com.telus.testcases.TestMethodsTest" name="logOut">
    <skipped/>
  </testcase> <!-- logOut -->
  <system-out/>
  <testcase classname="com.telus.testcases.TestMethodsTest" name="Address">
    <skipped/>
  </testcase> <!-- Address -->
  <system-out/>
</testsuite> <!-- com.telus.testcases.TestMethodsTest -->
